[debug] [2022-11-27T18:59:13.262Z] ----------------------------------------------------------------------
[debug] [2022-11-27T18:59:13.266Z] Command:       C:\Program Files\nodejs\node.exe C:\Users\amitm\AppData\Roaming\npm\node_modules\firebase-tools\lib\bin\firebase.js init
[debug] [2022-11-27T18:59:13.268Z] CLI Version:   11.16.1
[debug] [2022-11-27T18:59:13.268Z] Platform:      win32
[debug] [2022-11-27T18:59:13.268Z] Node Version:  v16.15.0
[debug] [2022-11-27T18:59:13.271Z] Time:          Mon Nov 28 2022 00:29:13 GMT+0530 (India Standard Time)
[debug] [2022-11-27T18:59:13.271Z] ----------------------------------------------------------------------
[debug] 
[debug] [2022-11-27T18:59:13.282Z] >>> [apiv2][query] GET https://firebase-public.firebaseio.com/cli.json [none]
[debug] [2022-11-27T18:59:13.337Z] > command requires scopes: ["email","openid","https://www.googleapis.com/auth/cloudplatformprojects.readonly","https://www.googleapis.com/auth/firebase","https://www.googleapis.com/auth/cloud-platform"]
[debug] [2022-11-27T18:59:13.338Z] > authorizing via signed-in user (amitmishra.rh@gmail.com)
[info] 
     ######## #### ########  ######## ########     ###     ######  ########
     ##        ##  ##     ## ##       ##     ##  ##   ##  ##       ##
     ######    ##  ########  ######   ########  #########  ######  ######
     ##        ##  ##    ##  ##       ##     ## ##     ##       ## ##
     ##       #### ##     ## ######## ########  ##     ##  ######  ########

You're about to initialize a Firebase project in this directory:

  C:\Users\amitm\Desktop\project\anithas-kitchen

[debug] [2022-11-27T18:59:13.962Z] <<< [apiv2][status] GET https://firebase-public.firebaseio.com/cli.json 200
[debug] [2022-11-27T18:59:13.963Z] <<< [apiv2][body] GET https://firebase-public.firebaseio.com/cli.json {"cloudBuildErrorAfter":1594252800000,"cloudBuildWarnAfter":1590019200000,"defaultNode10After":1594252800000,"minVersion":"3.0.5","node8DeploysDisabledAfter":1613390400000,"node8RuntimeDisabledAfter":1615809600000,"node8WarnAfter":1600128000000}
